<?xml version="1.0" encoding="UTF-8"?>
<!-- Generated by org.testng.reporters.JUnitReportReporter -->
<testsuite hostname="L76142" failures="0" tests="1" name="testCases.TC001_AccountRegistrationTest" time="2.770" errors="0" timestamp="2025-09-06T01:13:33 IST" skipped="0">
  <testcase classname="testCases.TC001_AccountRegistrationTest" name="verify_account_registration" time="2.770"/>
</testsuite> <!-- testCases.TC001_AccountRegistrationTest -->
